# JRE version: Java(TM) SE Runtime Environment (8.0_31-b13) (build 1.8.0_31-b13)
# Java VM: Java HotSpot(TM) 64-Bit Server VM (25.31-b07 mixed mode bsd-amd64 compressed oops)
Heap:
 PSYoungGen      total 38400K, used 21481K [0x0000000169580000, 0x000000016c000000, 0x0000000194000000)
  eden space 33280K, 50% used [0x0000000169580000,0x000000016a5f5c80,0x000000016b600000)
  from space 5120K, 90% used [0x000000016bb00000,0x000000016bf84ad0,0x000000016c000000)
  to   space 5120K, 0% used [0x000000016b600000,0x000000016b600000,0x000000016bb00000)
 ParOldGen       total 87552K, used 4200K [0x0000000114000000, 0x0000000119580000, 0x0000000169580000)
  object space 87552K, 4% used [0x0000000114000000,0x000000011441a030,0x0000000119580000)
 Metaspace       used 15805K, capacity 16398K, committed 16640K, reserved 1062912K
  class space    used 2290K, capacity 2440K, committed 2560K, reserved 1048576K
GC Heap History (8 events):
Event: 1.291 GC heap before
{Heap before GC invocations=1 (full 0):
 PSYoungGen      total 38400K, used 33280K [0x0000000169580000, 0x000000016c000000, 0x0000000194000000)
  eden space 33280K, 100% used [0x0000000169580000,0x000000016b600000,0x000000016b600000)
  from space 5120K, 0% used [0x000000016bb00000,0x000000016bb00000,0x000000016c000000)
  to   space 5120K, 0% used [0x000000016b600000,0x000000016b600000,0x000000016bb00000)
 ParOldGen       total 87552K, used 0K [0x0000000114000000, 0x0000000119580000, 0x0000000169580000)
  object space 87552K, 0% used [0x0000000114000000,0x0000000114000000,0x0000000119580000)
 Metaspace       used 13172K, capacity 13624K, committed 13824K, reserved 1060864K
  class space    used 1881K, capacity 1990K, committed 2048K, reserved 1048576K
Event: 1.298 GC heap after
Heap after GC invocations=1 (full 0):
 PSYoungGen      total 38400K, used 4480K [0x0000000169580000, 0x000000016c000000, 0x0000000194000000)
  eden space 33280K, 0% used [0x0000000169580000,0x0000000169580000,0x000000016b600000)
  from space 5120K, 87% used [0x000000016b600000,0x000000016ba60020,0x000000016bb00000)
  to   space 5120K, 0% used [0x000000016bb00000,0x000000016bb00000,0x000000016c000000)
 ParOldGen       total 87552K, used 80K [0x0000000114000000, 0x0000000119580000, 0x0000000169580000)
  object space 87552K, 0% used [0x0000000114000000,0x0000000114014010,0x0000000119580000)
 Metaspace       used 13172K, capacity 13624K, committed 13824K, reserved 1060864K
  class space    used 1881K, capacity 1990K, committed 2048K, reserved 1048576K
}
Event: 774.381 GC heap before
{Heap before GC invocations=2 (full 0):
 PSYoungGen      total 38400K, used 37760K [0x0000000169580000, 0x000000016c000000, 0x0000000194000000)
  eden space 33280K, 100% used [0x0000000169580000,0x000000016b600000,0x000000016b600000)
  from space 5120K, 87% used [0x000000016b600000,0x000000016ba60020,0x000000016bb00000)
  to   space 5120K, 0% used [0x000000016bb00000,0x000000016bb00000,0x000000016c000000)
 ParOldGen       total 87552K, used 80K [0x0000000114000000, 0x0000000119580000, 0x0000000169580000)
  object space 87552K, 0% used [0x0000000114000000,0x0000000114014010,0x0000000119580000)
 Metaspace       used 15759K, capacity 16362K, committed 16512K, reserved 1062912K
  class space    used 2282K, capacity 2432K, committed 2432K, reserved 1048576K
Event: 774.457 GC heap after
Heap after GC invocations=2 (full 0):
 PSYoungGen      total 38400K, used 5040K [0x0000000169580000, 0x000000016c000000, 0x0000000194000000)
  eden space 33280K, 0% used [0x0000000169580000,0x0000000169580000,0x000000016b600000)
  from space 5120K, 98% used [0x000000016bb00000,0x000000016bfec060,0x000000016c000000)
  to   space 5120K, 0% used [0x000000016b600000,0x000000016b600000,0x000000016bb00000)
 ParOldGen       total 87552K, used 4192K [0x0000000114000000, 0x0000000119580000, 0x0000000169580000)
  object space 87552K, 4% used [0x0000000114000000,0x0000000114418030,0x0000000119580000)
 Metaspace       used 15759K, capacity 16362K, committed 16512K, reserved 1062912K
  class space    used 2282K, capacity 2432K, committed 2432K, reserved 1048576K
}
Event: 2941.956 GC heap before
{Heap before GC invocations=3 (full 0):
 PSYoungGen      total 38400K, used 38320K [0x0000000169580000, 0x000000016c000000, 0x0000000194000000)
  eden space 33280K, 100% used [0x0000000169580000,0x000000016b600000,0x000000016b600000)
  from space 5120K, 98% used [0x000000016bb00000,0x000000016bfec060,0x000000016c000000)
  to   space 5120K, 0% used [0x000000016b600000,0x000000016b600000,0x000000016bb00000)
 ParOldGen       total 87552K, used 4192K [0x0000000114000000, 0x0000000119580000, 0x0000000169580000)
  object space 87552K, 4% used [0x0000000114000000,0x0000000114418030,0x0000000119580000)
 Metaspace       used 15760K, capacity 16362K, committed 16512K, reserved 1062912K
  class space    used 2282K, capacity 2432K, committed 2432K, reserved 1048576K
Event: 2942.004 GC heap after
Heap after GC invocations=3 (full 0):
 PSYoungGen      total 38400K, used 4944K [0x0000000169580000, 0x000000016c000000, 0x0000000194000000)
  eden space 33280K, 0% used [0x0000000169580000,0x0000000169580000,0x000000016b600000)
  from space 5120K, 96% used [0x000000016b600000,0x000000016bad4040,0x000000016bb00000)
  to   space 5120K, 0% used [0x000000016bb00000,0x000000016bb00000,0x000000016c000000)
 ParOldGen       total 87552K, used 4192K [0x0000000114000000, 0x0000000119580000, 0x0000000169580000)
  object space 87552K, 4% used [0x0000000114000000,0x0000000114418030,0x0000000119580000)
 Metaspace       used 15760K, capacity 16362K, committed 16512K, reserved 1062912K
  class space    used 2282K, capacity 2432K, committed 2432K, reserved 1048576K
}
Event: 4263.508 GC heap before
{Heap before GC invocations=4 (full 0):
 PSYoungGen      total 38400K, used 38224K [0x0000000169580000, 0x000000016c000000, 0x0000000194000000)
  eden space 33280K, 100% used [0x0000000169580000,0x000000016b600000,0x000000016b600000)
  from space 5120K, 96% used [0x000000016b600000,0x000000016bad4040,0x000000016bb00000)
  to   space 5120K, 0% used [0x000000016bb00000,0x000000016bb00000,0x000000016c000000)
 ParOldGen       total 87552K, used 4192K [0x0000000114000000, 0x0000000119580000, 0x0000000169580000)
  object space 87552K, 4% used [0x0000000114000000,0x0000000114418030,0x0000000119580000)
 Metaspace       used 15762K, capacity 16362K, committed 16512K, reserved 1062912K
  class space    used 2282K, capacity 2432K, committed 2432K, reserved 1048576K
Event: 4263.688 GC heap after
Heap after GC invocations=4 (full 0):
 PSYoungGen      total 38400K, used 4626K [0x0000000169580000, 0x000000016c000000, 0x0000000194000000)
  eden space 33280K, 0% used [0x0000000169580000,0x0000000169580000,0x000000016b600000)
  from space 5120K, 90% used [0x000000016bb00000,0x000000016bf84ad0,0x000000016c000000)
  to   space 5120K, 0% used [0x000000016b600000,0x000000016b600000,0x000000016bb00000)
 ParOldGen       total 87552K, used 4200K [0x0000000114000000, 0x0000000119580000, 0x0000000169580000)
  object space 87552K, 4% used [0x0000000114000000,0x000000011441a030,0x0000000119580000)
 Metaspace       used 15762K, capacity 16362K, committed 16512K, reserved 1062912K
  class space    used 2282K, capacity 2432K, committed 2432K, reserved 1048576K
}

